
  .   ____          _            __ _ _
 /\\ / ___'_ __ _ _(_)_ __  __ _ \ \ \ \
( ( )\___ | '_ | '_| | '_ \/ _` | \ \ \ \
 \\/  ___)| |_)| | | | | || (_| |  ) ) ) )
  '  |____| .__|_| |_|_| |_\__, | / / / /
 =========|_|==============|___/=/_/_/_/
 :: Spring Boot ::                (v3.1.5)

2025-11-16T10:00:53.251+05:30  INFO 9940 --- [           main] com.lms.auth.AuthServiceApplication      : Starting AuthServiceApplication v1.0.0 using Java 24.0.1 with PID 9940 (C:\Users\jagad\OneDrive\Desktop\Jagadesh\Workspace\lms-project\backend\auth-service\target\auth-service-1.0.0.jar started by jagad in C:\Users\jagad\OneDrive\Desktop\Jagadesh\Workspace\lms-project)
2025-11-16T10:00:53.255+05:30 DEBUG 9940 --- [           main] com.lms.auth.AuthServiceApplication      : Running with Spring Boot v3.1.5, Spring v6.0.13
2025-11-16T10:00:53.257+05:30  INFO 9940 --- [           main] com.lms.auth.AuthServiceApplication      : The following 1 profile is active: "h2"
2025-11-16T10:00:54.839+05:30  INFO 9940 --- [           main] .s.d.r.c.RepositoryConfigurationDelegate : Bootstrapping Spring Data JPA repositories in DEFAULT mode.
2025-11-16T10:00:54.983+05:30  INFO 9940 --- [           main] .s.d.r.c.RepositoryConfigurationDelegate : Finished Spring Data repository scanning in 102 ms. Found 1 JPA repository interfaces.
2025-11-16T10:00:57.604+05:30  INFO 9940 --- [           main] o.s.b.w.embedded.tomcat.TomcatWebServer  : Tomcat initialized with port(s): 8081 (http)
2025-11-16T10:00:57.719+05:30  INFO 9940 --- [           main] o.apache.catalina.core.StandardService   : Starting service [Tomcat]
2025-11-16T10:00:57.720+05:30  INFO 9940 --- [           main] o.apache.catalina.core.StandardEngine    : Starting Servlet engine: [Apache Tomcat/10.1.15]
2025-11-16T10:00:57.911+05:30  INFO 9940 --- [           main] o.a.c.c.C.[Tomcat].[localhost].[/]       : Initializing Spring embedded WebApplicationContext
2025-11-16T10:00:57.912+05:30  INFO 9940 --- [           main] w.s.c.ServletWebServerApplicationContext : Root WebApplicationContext: initialization completed in 4475 ms
2025-11-16T10:00:58.004+05:30  INFO 9940 --- [           main] com.zaxxer.hikari.HikariDataSource       : HikariPool-1 - Starting...
2025-11-16T10:00:58.733+05:30  INFO 9940 --- [           main] com.zaxxer.hikari.pool.HikariPool        : HikariPool-1 - Added connection conn0: url=jdbc:h2:mem:testdb user=SA
2025-11-16T10:00:58.739+05:30  INFO 9940 --- [           main] com.zaxxer.hikari.HikariDataSource       : HikariPool-1 - Start completed.
2025-11-16T10:00:58.794+05:30  INFO 9940 --- [           main] o.s.b.a.h2.H2ConsoleAutoConfiguration    : H2 console available at '/h2-console'. Database available at 'jdbc:h2:mem:testdb'
2025-11-16T10:00:59.233+05:30  INFO 9940 --- [           main] o.hibernate.jpa.internal.util.LogHelper  : HHH000204: Processing PersistenceUnitInfo [name: default]
2025-11-16T10:00:59.517+05:30  INFO 9940 --- [           main] org.hibernate.Version                    : HHH000412: Hibernate ORM core version 6.2.13.Final
2025-11-16T10:00:59.550+05:30  INFO 9940 --- [           main] org.hibernate.cfg.Environment            : HHH000406: Using bytecode reflection optimizer
2025-11-16T10:01:00.409+05:30  INFO 9940 --- [           main] o.s.o.j.p.SpringPersistenceUnitInfo      : No LoadTimeWeaver setup: ignoring JPA class transformer
2025-11-16T10:01:00.546+05:30  WARN 9940 --- [           main] org.hibernate.orm.deprecation            : HHH90000025: H2Dialect does not need to be specified explicitly using 'hibernate.dialect' (remove the property setting and it will be selected by default)
2025-11-16T10:01:02.372+05:30  INFO 9940 --- [           main] o.h.e.t.j.p.i.JtaPlatformInitiator       : HHH000489: No JTA platform available (set 'hibernate.transaction.jta.platform' to enable JTA platform integration)
2025-11-16T10:01:02.553+05:30  INFO 9940 --- [           main] j.LocalContainerEntityManagerFactoryBean : Initialized JPA EntityManagerFactory for persistence unit 'default'
2025-11-16T10:01:03.746+05:30  WARN 9940 --- [           main] JpaBaseConfiguration$JpaWebConfiguration : spring.jpa.open-in-view is enabled by default. Therefore, database queries may be performed during view rendering. Explicitly configure spring.jpa.open-in-view to disable this warning
2025-11-16T10:01:03.805+05:30  WARN 9940 --- [           main] .s.s.UserDetailsServiceAutoConfiguration : 

Using generated security password: 280370e5-84e1-475c-880a-9ef802a44eb4

This generated password is for development use only. Your security configuration must be updated before running your application in production.

2025-11-16T10:01:04.129+05:30  INFO 9940 --- [           main] o.s.s.web.DefaultSecurityFilterChain     : Will secure any request with [org.springframework.security.web.session.DisableEncodeUrlFilter@2f5b8250, org.springframework.security.web.context.request.async.WebAsyncManagerIntegrationFilter@4821aa9f, org.springframework.security.web.context.SecurityContextHolderFilter@372ca2d6, org.springframework.security.web.header.HeaderWriterFilter@16727bf0, org.springframework.security.web.authentication.logout.LogoutFilter@127a7272, org.springframework.security.web.savedrequest.RequestCacheAwareFilter@38ed139b, org.springframework.security.web.servletapi.SecurityContextHolderAwareRequestFilter@58ba5b30, org.springframework.security.web.authentication.AnonymousAuthenticationFilter@5f481b73, org.springframework.security.web.access.ExceptionTranslationFilter@4f89331f, org.springframework.security.web.access.intercept.AuthorizationFilter@f1d0004]
2025-11-16T10:01:04.885+05:30  INFO 9940 --- [           main] o.s.b.w.embedded.tomcat.TomcatWebServer  : Tomcat started on port(s): 8081 (http) with context path ''
2025-11-16T10:01:04.943+05:30  INFO 9940 --- [           main] com.lms.auth.AuthServiceApplication      : Started AuthServiceApplication in 13.173 seconds (process running for 14.598)
? Default admin user created: admin@example.com / admin123
2025-11-16T10:01:13.692+05:30  INFO 9940 --- [nio-8081-exec-1] o.a.c.c.C.[Tomcat].[localhost].[/]       : Initializing Spring DispatcherServlet 'dispatcherServlet'
2025-11-16T10:01:13.694+05:30  INFO 9940 --- [nio-8081-exec-1] o.s.web.servlet.DispatcherServlet        : Initializing Servlet 'dispatcherServlet'
2025-11-16T10:01:13.697+05:30  INFO 9940 --- [nio-8081-exec-1] o.s.web.servlet.DispatcherServlet        : Completed initialization in 2 ms
2025-11-16T10:03:54.064+05:30  INFO 9940 --- [nio-8081-exec-5] c.l.auth.controller.AdminAuthController  : Admin login request received for email: admin@example.com
2025-11-16T10:03:54.066+05:30  INFO 9940 --- [nio-8081-exec-5] com.lms.auth.service.AdminAuthService    : Attempting admin login for email: admin@example.com
2025-11-16T10:03:54.426+05:30  INFO 9940 --- [nio-8081-exec-5] com.lms.auth.service.AdminAuthService    : Admin successfully logged in: admin@example.com
