
  .   ____          _            __ _ _
 /\\ / ___'_ __ _ _(_)_ __  __ _ \ \ \ \
( ( )\___ | '_ | '_| | '_ \/ _` | \ \ \ \
 \\/  ___)| |_)| | | | | || (_| |  ) ) ) )
  '  |____| .__|_| |_|_| |_\__, | / / / /
 =========|_|==============|___/=/_/_/_/
 :: Spring Boot ::                (v3.1.5)

2025-11-16T00:03:46.488+05:30  INFO 1124 --- [           main] com.lms.auth.AuthServiceApplication      : Starting AuthServiceApplication v1.0.0 using Java 24.0.1 with PID 1124 (C:\Users\jagad\OneDrive\Desktop\Jagadesh\Workspace\lms-project\backend\auth-service\target\auth-service-1.0.0.jar started by jagad in C:\Users\jagad\OneDrive\Desktop\Jagadesh\Workspace\lms-project)
2025-11-16T00:03:46.492+05:30 DEBUG 1124 --- [           main] com.lms.auth.AuthServiceApplication      : Running with Spring Boot v3.1.5, Spring v6.0.13
2025-11-16T00:03:46.493+05:30  INFO 1124 --- [           main] com.lms.auth.AuthServiceApplication      : The following 1 profile is active: "h2"
2025-11-16T00:03:47.333+05:30  INFO 1124 --- [           main] .s.d.r.c.RepositoryConfigurationDelegate : Bootstrapping Spring Data JPA repositories in DEFAULT mode.
2025-11-16T00:03:47.421+05:30  INFO 1124 --- [           main] .s.d.r.c.RepositoryConfigurationDelegate : Finished Spring Data repository scanning in 63 ms. Found 1 JPA repository interfaces.
2025-11-16T00:03:48.526+05:30  INFO 1124 --- [           main] o.s.b.w.embedded.tomcat.TomcatWebServer  : Tomcat initialized with port(s): 8081 (http)
2025-11-16T00:03:48.537+05:30  INFO 1124 --- [           main] o.apache.catalina.core.StandardService   : Starting service [Tomcat]
2025-11-16T00:03:48.538+05:30  INFO 1124 --- [           main] o.apache.catalina.core.StandardEngine    : Starting Servlet engine: [Apache Tomcat/10.1.15]
2025-11-16T00:03:48.631+05:30  INFO 1124 --- [           main] o.a.c.c.C.[Tomcat].[localhost].[/]       : Initializing Spring embedded WebApplicationContext
2025-11-16T00:03:48.633+05:30  INFO 1124 --- [           main] w.s.c.ServletWebServerApplicationContext : Root WebApplicationContext: initialization completed in 2063 ms
2025-11-16T00:03:48.688+05:30  INFO 1124 --- [           main] com.zaxxer.hikari.HikariDataSource       : HikariPool-1 - Starting...
2025-11-16T00:03:49.033+05:30  INFO 1124 --- [           main] com.zaxxer.hikari.pool.HikariPool        : HikariPool-1 - Added connection conn0: url=jdbc:h2:mem:testdb user=SA
2025-11-16T00:03:49.037+05:30  INFO 1124 --- [           main] com.zaxxer.hikari.HikariDataSource       : HikariPool-1 - Start completed.
2025-11-16T00:03:49.065+05:30  INFO 1124 --- [           main] o.s.b.a.h2.H2ConsoleAutoConfiguration    : H2 console available at '/h2-console'. Database available at 'jdbc:h2:mem:testdb'
2025-11-16T00:03:49.266+05:30  INFO 1124 --- [           main] o.hibernate.jpa.internal.util.LogHelper  : HHH000204: Processing PersistenceUnitInfo [name: default]
2025-11-16T00:03:49.348+05:30  INFO 1124 --- [           main] org.hibernate.Version                    : HHH000412: Hibernate ORM core version 6.2.13.Final
2025-11-16T00:03:49.352+05:30  INFO 1124 --- [           main] org.hibernate.cfg.Environment            : HHH000406: Using bytecode reflection optimizer
2025-11-16T00:03:49.692+05:30  INFO 1124 --- [           main] o.s.o.j.p.SpringPersistenceUnitInfo      : No LoadTimeWeaver setup: ignoring JPA class transformer
2025-11-16T00:03:49.738+05:30  WARN 1124 --- [           main] org.hibernate.orm.deprecation            : HHH90000025: H2Dialect does not need to be specified explicitly using 'hibernate.dialect' (remove the property setting and it will be selected by default)
2025-11-16T00:03:50.795+05:30  INFO 1124 --- [           main] o.h.e.t.j.p.i.JtaPlatformInitiator       : HHH000489: No JTA platform available (set 'hibernate.transaction.jta.platform' to enable JTA platform integration)
2025-11-16T00:03:50.843+05:30  INFO 1124 --- [           main] j.LocalContainerEntityManagerFactoryBean : Initialized JPA EntityManagerFactory for persistence unit 'default'
2025-11-16T00:03:51.523+05:30  WARN 1124 --- [           main] JpaBaseConfiguration$JpaWebConfiguration : spring.jpa.open-in-view is enabled by default. Therefore, database queries may be performed during view rendering. Explicitly configure spring.jpa.open-in-view to disable this warning
2025-11-16T00:03:51.565+05:30  WARN 1124 --- [           main] .s.s.UserDetailsServiceAutoConfiguration : 

Using generated security password: 7558d37f-c02e-4eb8-a4e3-605039316463

This generated password is for development use only. Your security configuration must be updated before running your application in production.

2025-11-16T00:03:51.808+05:30  INFO 1124 --- [           main] o.s.s.web.DefaultSecurityFilterChain     : Will secure any request with [org.springframework.security.web.session.DisableEncodeUrlFilter@74ea46e2, org.springframework.security.web.context.request.async.WebAsyncManagerIntegrationFilter@6f911326, org.springframework.security.web.context.SecurityContextHolderFilter@4f89331f, org.springframework.security.web.header.HeaderWriterFilter@3bd2af5b, org.springframework.security.web.authentication.logout.LogoutFilter@5ea4300e, org.springframework.security.web.savedrequest.RequestCacheAwareFilter@16727bf0, org.springframework.security.web.servletapi.SecurityContextHolderAwareRequestFilter@291373d3, org.springframework.security.web.authentication.AnonymousAuthenticationFilter@f1d0004, org.springframework.security.web.access.ExceptionTranslationFilter@25aeb5ac, org.springframework.security.web.access.intercept.AuthorizationFilter@423b2b62]
2025-11-16T00:03:52.395+05:30  INFO 1124 --- [           main] o.s.b.w.embedded.tomcat.TomcatWebServer  : Tomcat started on port(s): 8081 (http) with context path ''
2025-11-16T00:03:52.424+05:30  INFO 1124 --- [           main] com.lms.auth.AuthServiceApplication      : Started AuthServiceApplication in 6.609 seconds (process running for 7.328)
? Default admin user created: admin@example.com / admin123
2025-11-16T00:04:00.850+05:30  INFO 1124 --- [nio-8081-exec-1] o.a.c.c.C.[Tomcat].[localhost].[/]       : Initializing Spring DispatcherServlet 'dispatcherServlet'
2025-11-16T00:04:00.850+05:30  INFO 1124 --- [nio-8081-exec-1] o.s.web.servlet.DispatcherServlet        : Initializing Servlet 'dispatcherServlet'
2025-11-16T00:04:00.851+05:30  INFO 1124 --- [nio-8081-exec-1] o.s.web.servlet.DispatcherServlet        : Completed initialization in 0 ms
2025-11-16T00:04:00.988+05:30  INFO 1124 --- [nio-8081-exec-1] c.l.auth.controller.AdminAuthController  : Admin login request received for email: admin@example.com
2025-11-16T00:04:00.988+05:30  INFO 1124 --- [nio-8081-exec-1] com.lms.auth.service.AdminAuthService    : Attempting admin login for email: admin@example.com
2025-11-16T00:04:01.137+05:30  INFO 1124 --- [nio-8081-exec-1] com.lms.auth.service.AdminAuthService    : Admin successfully logged in: admin@example.com
2025-11-16T00:06:52.457+05:30  INFO 1124 --- [nio-8081-exec-6] c.l.auth.controller.AdminAuthController  : Admin login request received for email: admin@example.com
2025-11-16T00:06:52.457+05:30  INFO 1124 --- [nio-8081-exec-6] com.lms.auth.service.AdminAuthService    : Attempting admin login for email: admin@example.com
2025-11-16T00:06:52.567+05:30  INFO 1124 --- [nio-8081-exec-6] com.lms.auth.service.AdminAuthService    : Admin successfully logged in: admin@example.com
