
  .   ____          _            __ _ _
 /\\ / ___'_ __ _ _(_)_ __  __ _ \ \ \ \
( ( )\___ | '_ | '_| | '_ \/ _` | \ \ \ \
 \\/  ___)| |_)| | | | | || (_| |  ) ) ) )
  '  |____| .__|_| |_|_| |_\__, | / / / /
 =========|_|==============|___/=/_/_/_/
 :: Spring Boot ::                (v3.1.5)

2025-11-16T17:15:01.844+05:30  INFO 20136 --- [           main] com.lms.auth.AuthServiceApplication      : Starting AuthServiceApplication v1.0.0 using Java 24.0.1 with PID 20136 (C:\Users\jagad\OneDrive\Desktop\Jagadesh\Workspace\lms-project\backend\auth-service\target\auth-service-1.0.0.jar started by jagad in C:\Users\jagad\OneDrive\Desktop\Jagadesh\Workspace\lms-project\backend\auth-service)
2025-11-16T17:15:01.848+05:30 DEBUG 20136 --- [           main] com.lms.auth.AuthServiceApplication      : Running with Spring Boot v3.1.5, Spring v6.0.13
2025-11-16T17:15:01.849+05:30  INFO 20136 --- [           main] com.lms.auth.AuthServiceApplication      : No active profile set, falling back to 1 default profile: "default"
2025-11-16T17:15:03.122+05:30  INFO 20136 --- [           main] .s.d.r.c.RepositoryConfigurationDelegate : Bootstrapping Spring Data JPA repositories in DEFAULT mode.
2025-11-16T17:15:03.854+05:30  INFO 20136 --- [           main] .s.d.r.c.RepositoryConfigurationDelegate : Finished Spring Data repository scanning in 77 ms. Found 1 JPA repository interfaces.
2025-11-16T17:15:07.243+05:30  INFO 20136 --- [           main] o.s.b.w.embedded.tomcat.TomcatWebServer  : Tomcat initialized with port(s): 8081 (http)
2025-11-16T17:15:07.256+05:30  INFO 20136 --- [           main] o.apache.catalina.core.StandardService   : Starting service [Tomcat]
2025-11-16T17:15:07.256+05:30  INFO 20136 --- [           main] o.apache.catalina.core.StandardEngine    : Starting Servlet engine: [Apache Tomcat/10.1.15]
2025-11-16T17:15:07.405+05:30  INFO 20136 --- [           main] o.a.c.c.C.[Tomcat].[localhost].[/]       : Initializing Spring embedded WebApplicationContext
2025-11-16T17:15:07.407+05:30  INFO 20136 --- [           main] w.s.c.ServletWebServerApplicationContext : Root WebApplicationContext: initialization completed in 5444 ms
2025-11-16T17:15:07.755+05:30  INFO 20136 --- [           main] o.hibernate.jpa.internal.util.LogHelper  : HHH000204: Processing PersistenceUnitInfo [name: default]
2025-11-16T17:15:08.095+05:30  INFO 20136 --- [           main] org.hibernate.Version                    : HHH000412: Hibernate ORM core version 6.2.13.Final
2025-11-16T17:15:08.106+05:30  INFO 20136 --- [           main] org.hibernate.cfg.Environment            : HHH000406: Using bytecode reflection optimizer
2025-11-16T17:15:08.688+05:30  INFO 20136 --- [           main] o.s.o.j.p.SpringPersistenceUnitInfo      : No LoadTimeWeaver setup: ignoring JPA class transformer
2025-11-16T17:15:09.184+05:30  INFO 20136 --- [           main] com.zaxxer.hikari.HikariDataSource       : HikariPool-1 - Starting...
2025-11-16T17:15:09.749+05:30  INFO 20136 --- [           main] com.zaxxer.hikari.pool.HikariPool        : HikariPool-1 - Added connection com.mysql.cj.jdbc.ConnectionImpl@41c89d2f
2025-11-16T17:15:09.752+05:30  INFO 20136 --- [           main] com.zaxxer.hikari.HikariDataSource       : HikariPool-1 - Start completed.
2025-11-16T17:15:09.930+05:30  WARN 20136 --- [           main] org.hibernate.orm.deprecation            : HHH90000025: MySQL8Dialect does not need to be specified explicitly using 'hibernate.dialect' (remove the property setting and it will be selected by default)
2025-11-16T17:15:09.987+05:30  WARN 20136 --- [           main] org.hibernate.orm.deprecation            : HHH90000026: MySQL8Dialect has been deprecated; use org.hibernate.dialect.MySQLDialect instead
2025-11-16T17:15:11.666+05:30  INFO 20136 --- [           main] o.h.e.t.j.p.i.JtaPlatformInitiator       : HHH000489: No JTA platform available (set 'hibernate.transaction.jta.platform' to enable JTA platform integration)
2025-11-16T17:15:12.234+05:30  INFO 20136 --- [           main] j.LocalContainerEntityManagerFactoryBean : Initialized JPA EntityManagerFactory for persistence unit 'default'
2025-11-16T17:15:13.385+05:30  WARN 20136 --- [           main] JpaBaseConfiguration$JpaWebConfiguration : spring.jpa.open-in-view is enabled by default. Therefore, database queries may be performed during view rendering. Explicitly configure spring.jpa.open-in-view to disable this warning
2025-11-16T17:15:13.925+05:30  WARN 20136 --- [           main] .s.s.UserDetailsServiceAutoConfiguration : 

Using generated security password: a52982ae-4d12-4ad1-b35b-f6165b40cc3c

This generated password is for development use only. Your security configuration must be updated before running your application in production.

2025-11-16T17:15:14.123+05:30  INFO 20136 --- [           main] o.s.s.web.DefaultSecurityFilterChain     : Will secure any request with [org.springframework.security.web.session.DisableEncodeUrlFilter@4601203a, org.springframework.security.web.context.request.async.WebAsyncManagerIntegrationFilter@53abfc07, org.springframework.security.web.context.SecurityContextHolderFilter@1b7a52dd, org.springframework.security.web.header.HeaderWriterFilter@53c6f96d, org.springframework.security.web.authentication.logout.LogoutFilter@4012d5bc, org.springframework.security.web.savedrequest.RequestCacheAwareFilter@5ad5be4a, org.springframework.security.web.servletapi.SecurityContextHolderAwareRequestFilter@737d100a, org.springframework.security.web.authentication.AnonymousAuthenticationFilter@2c8c16c0, org.springframework.security.web.access.ExceptionTranslationFilter@4e49ce2b, org.springframework.security.web.access.intercept.AuthorizationFilter@fe34b86]
2025-11-16T17:15:15.216+05:30  INFO 20136 --- [           main] o.s.b.w.embedded.tomcat.TomcatWebServer  : Tomcat started on port(s): 8081 (http) with context path ''
2025-11-16T17:15:15.248+05:30  INFO 20136 --- [           main] com.lms.auth.AuthServiceApplication      : Started AuthServiceApplication in 14.638 seconds (process running for 15.978)
2025-11-16T17:15:25.089+05:30  INFO 20136 --- [nio-8081-exec-1] o.a.c.c.C.[Tomcat].[localhost].[/]       : Initializing Spring DispatcherServlet 'dispatcherServlet'
2025-11-16T17:15:25.089+05:30  INFO 20136 --- [nio-8081-exec-1] o.s.web.servlet.DispatcherServlet        : Initializing Servlet 'dispatcherServlet'
2025-11-16T17:15:25.090+05:30  INFO 20136 --- [nio-8081-exec-1] o.s.web.servlet.DispatcherServlet        : Completed initialization in 1 ms
