
  .   ____          _            __ _ _
 /\\ / ___'_ __ _ _(_)_ __  __ _ \ \ \ \
( ( )\___ | '_ | '_| | '_ \/ _` | \ \ \ \
 \\/  ___)| |_)| | | | | || (_| |  ) ) ) )
  '  |____| .__|_| |_|_| |_\__, | / / / /
 =========|_|==============|___/=/_/_/_/
 :: Spring Boot ::                (v3.1.5)

2025-11-16T10:45:48.890+05:30  INFO 17432 --- [           main] com.lms.auth.AuthServiceApplication      : Starting AuthServiceApplication v1.0.0 using Java 24.0.1 with PID 17432 (C:\Users\jagad\OneDrive\Desktop\Jagadesh\Workspace\lms-project\backend\auth-service\target\auth-service-1.0.0.jar started by jagad in C:\Users\jagad\OneDrive\Desktop\Jagadesh\Workspace\lms-project\backend\auth-service)
2025-11-16T10:45:48.893+05:30 DEBUG 17432 --- [           main] com.lms.auth.AuthServiceApplication      : Running with Spring Boot v3.1.5, Spring v6.0.13
2025-11-16T10:45:48.895+05:30  INFO 17432 --- [           main] com.lms.auth.AuthServiceApplication      : The following 1 profile is active: "h2"
2025-11-16T10:45:50.050+05:30  INFO 17432 --- [           main] .s.d.r.c.RepositoryConfigurationDelegate : Bootstrapping Spring Data JPA repositories in DEFAULT mode.
2025-11-16T10:45:50.197+05:30  INFO 17432 --- [           main] .s.d.r.c.RepositoryConfigurationDelegate : Finished Spring Data repository scanning in 107 ms. Found 1 JPA repository interfaces.
2025-11-16T10:45:52.563+05:30  INFO 17432 --- [           main] o.s.b.w.embedded.tomcat.TomcatWebServer  : Tomcat initialized with port(s): 8081 (http)
2025-11-16T10:45:52.601+05:30  INFO 17432 --- [           main] o.apache.catalina.core.StandardService   : Starting service [Tomcat]
2025-11-16T10:45:52.603+05:30  INFO 17432 --- [           main] o.apache.catalina.core.StandardEngine    : Starting Servlet engine: [Apache Tomcat/10.1.15]
2025-11-16T10:45:52.752+05:30  INFO 17432 --- [           main] o.a.c.c.C.[Tomcat].[localhost].[/]       : Initializing Spring embedded WebApplicationContext
2025-11-16T10:45:52.753+05:30  INFO 17432 --- [           main] w.s.c.ServletWebServerApplicationContext : Root WebApplicationContext: initialization completed in 3736 ms
2025-11-16T10:45:52.810+05:30  INFO 17432 --- [           main] com.zaxxer.hikari.HikariDataSource       : HikariPool-1 - Starting...
2025-11-16T10:45:53.332+05:30  INFO 17432 --- [           main] com.zaxxer.hikari.pool.HikariPool        : HikariPool-1 - Added connection conn0: url=jdbc:h2:mem:testdb user=SA
2025-11-16T10:45:53.338+05:30  INFO 17432 --- [           main] com.zaxxer.hikari.HikariDataSource       : HikariPool-1 - Start completed.
2025-11-16T10:45:53.414+05:30  INFO 17432 --- [           main] o.s.b.a.h2.H2ConsoleAutoConfiguration    : H2 console available at '/h2-console'. Database available at 'jdbc:h2:mem:testdb'
2025-11-16T10:45:53.674+05:30  INFO 17432 --- [           main] o.hibernate.jpa.internal.util.LogHelper  : HHH000204: Processing PersistenceUnitInfo [name: default]
2025-11-16T10:45:54.101+05:30  INFO 17432 --- [           main] org.hibernate.Version                    : HHH000412: Hibernate ORM core version 6.2.13.Final
2025-11-16T10:45:54.105+05:30  INFO 17432 --- [           main] org.hibernate.cfg.Environment            : HHH000406: Using bytecode reflection optimizer
2025-11-16T10:45:54.625+05:30  INFO 17432 --- [           main] o.s.o.j.p.SpringPersistenceUnitInfo      : No LoadTimeWeaver setup: ignoring JPA class transformer
2025-11-16T10:45:54.779+05:30  WARN 17432 --- [           main] org.hibernate.orm.deprecation            : HHH90000025: H2Dialect does not need to be specified explicitly using 'hibernate.dialect' (remove the property setting and it will be selected by default)
2025-11-16T10:45:55.736+05:30  INFO 17432 --- [           main] o.h.e.t.j.p.i.JtaPlatformInitiator       : HHH000489: No JTA platform available (set 'hibernate.transaction.jta.platform' to enable JTA platform integration)
2025-11-16T10:45:55.806+05:30  INFO 17432 --- [           main] j.LocalContainerEntityManagerFactoryBean : Initialized JPA EntityManagerFactory for persistence unit 'default'
2025-11-16T10:45:57.153+05:30  WARN 17432 --- [           main] JpaBaseConfiguration$JpaWebConfiguration : spring.jpa.open-in-view is enabled by default. Therefore, database queries may be performed during view rendering. Explicitly configure spring.jpa.open-in-view to disable this warning
2025-11-16T10:45:57.174+05:30  WARN 17432 --- [           main] .s.s.UserDetailsServiceAutoConfiguration : 

Using generated security password: 4348bd43-d251-44b5-9bea-e696a853537e

This generated password is for development use only. Your security configuration must be updated before running your application in production.

2025-11-16T10:45:57.337+05:30  INFO 17432 --- [           main] o.s.s.web.DefaultSecurityFilterChain     : Will secure any request with [org.springframework.security.web.session.DisableEncodeUrlFilter@ccf91df, org.springframework.security.web.context.request.async.WebAsyncManagerIntegrationFilter@117d32e, org.springframework.security.web.context.SecurityContextHolderFilter@7b306b9f, org.springframework.security.web.header.HeaderWriterFilter@eac3a26, org.springframework.security.web.authentication.logout.LogoutFilter@4821aa9f, org.springframework.security.web.savedrequest.RequestCacheAwareFilter@934b52f, org.springframework.security.web.servletapi.SecurityContextHolderAwareRequestFilter@5ea4300e, org.springframework.security.web.authentication.AnonymousAuthenticationFilter@51d387d3, org.springframework.security.web.access.ExceptionTranslationFilter@1d9bd4da, org.springframework.security.web.access.intercept.AuthorizationFilter@3a66e67e]
2025-11-16T10:45:58.646+05:30  INFO 17432 --- [           main] o.s.b.w.embedded.tomcat.TomcatWebServer  : Tomcat started on port(s): 8081 (http) with context path ''
2025-11-16T10:45:58.683+05:30  INFO 17432 --- [           main] com.lms.auth.AuthServiceApplication      : Started AuthServiceApplication in 11.178 seconds (process running for 12.858)
? H2 Profile: Demo admin user seeded: admin@example.com / admin123
  Name: System Administrator
  NOTE: This seed data is for H2 development only!
2025-11-16T10:46:27.013+05:30  INFO 17432 --- [nio-8081-exec-1] o.a.c.c.C.[Tomcat].[localhost].[/]       : Initializing Spring DispatcherServlet 'dispatcherServlet'
2025-11-16T10:46:27.015+05:30  INFO 17432 --- [nio-8081-exec-1] o.s.web.servlet.DispatcherServlet        : Initializing Servlet 'dispatcherServlet'
2025-11-16T10:46:27.018+05:30  INFO 17432 --- [nio-8081-exec-1] o.s.web.servlet.DispatcherServlet        : Completed initialization in 0 ms
